Searching for include files...
Searching for example files...
Searching for images...
Searching for files in directory D:/install/CR0-OCCT7_CR0-OCCT7/Windows-64-VC10-opt/OCCT/dox/resources
Searching for dot files...
Searching for msc files...
Searching for files to exclude
Searching for files to process...
Reading and parsing tag files
Parsing files
Reading D:/install/CR0-OCCT7_CR0-OCCT7/Windows-64-VC10-opt/OCCT/dox/user_guides/brep_wp/brep_wp.md...
Building group list...
Building directory list...
Building namespace list...
Building file list...
Building class list...
Associating documentation with classes...
Computing nesting relations for classes...
Building example list...
Searching for enumerations...
Searching for documented typedefs...
Searching for members imported via using declarations...
Searching for included using directives...
Searching for documented variables...
Building interface member list...
Building member list...
Searching for friends...
Searching for documented defines...
Computing class inheritance relations...
Computing class usage relations...
Flushing cached template relations that have become invalid...
Creating members for template instances...
Computing class relations...
Add enum values to enums...
Searching for member function documentation...
Building page list...
Search for main page...
Computing page relations...
Determining the scope of groups...
Sorting lists...
Freeing entry tree
Determining which enums are documented
Computing member relations...
Building full member lists recursively...
Adding members to member groups.
Computing member references...
Inheriting documentation...
Generating disk names...
Adding source references...
Adding xrefitems...
Sorting member lists...
Computing dependencies between directories...
Generating citations page...
Counting data structures...
Resolving user defined references...
Finding anchors and sections in the documentation...
Transferring function references...
Combining using relations...
Adding members to index pages...
Generating style sheet...
Generating example documentation...
Generating file sources...
Generating file documentation...
Generating page documentation...
Generating docs for page occt_user_guides__brep_wp...
Generating group documentation...
Generating class documentation...
Generating namespace index...
Generating graph info page...
Generating directory documentation...
Generating index page...
Generating page index...
Generating module index...
Generating namespace index...
Generating namespace member index...
Generating annotated compound index...
Generating alphabetical compound index...
Generating hierarchical class index...
Generating member index...
Generating file index...
Generating file member index...
Generating example index...
finalizing index lists...
lookup cache used 0/65536 hits=0 misses=0
finished...
Parsing layout file DoxygenLayout.xml...
Searching for include files...
Searching for example files...
Searching for images...
Searching for files in directory D:/install/CR0-OCCT7_CR0-OCCT7/Windows-64-VC10-opt/OCCT/dox/resources
Searching for files in directory D:/install/CR0-OCCT7_CR0-OCCT7/Windows-64-VC10-opt/OCCT/dox/user_guides/foundation_classes/images
Searching for dot files...
Searching for msc files...
Searching for files to exclude
Searching for files to process...
Reading and parsing tag files
Parsing files
Reading D:/install/CR0-OCCT7_CR0-OCCT7/Windows-64-VC10-opt/OCCT/dox/user_guides/foundation_classes/foundation_classes.md...
Building group list...
Building directory list...
Building namespace list...
Building file list...
Building class list...
Associating documentation with classes...
Computing nesting relations for classes...
Building example list...
Searching for enumerations...
Searching for documented typedefs...
Searching for members imported via using declarations...
Searching for included using directives...
Searching for documented variables...
Building interface member list...
Building member list...
Searching for friends...
Searching for documented defines...
Computing class inheritance relations...
Computing class usage relations...
Flushing cached template relations that have become invalid...
Creating members for template instances...
Computing class relations...
Add enum values to enums...
Searching for member function documentation...
Building page list...
Search for main page...
Computing page relations...
Determining the scope of groups...
Sorting lists...
Freeing entry tree
Determining which enums are documented
Computing member relations...
Building full member lists recursively...
Adding members to member groups.
Computing member references...
Inheriting documentation...
Generating disk names...
Adding source references...
Adding xrefitems...
Sorting member lists...
Computing dependencies between directories...
Generating citations page...
Counting data structures...
Resolving user defined references...
Finding anchors and sections in the documentation...
Transferring function references...
Combining using relations...
Adding members to index pages...
Generating style sheet...
Generating example documentation...
Generating file sources...
Generating file documentation...
Generating page documentation...
Generating docs for page occt_user_guides__foundation_classes...
Generating group documentation...
Generating class documentation...
Generating namespace index...
Generating graph info page...
Generating directory documentation...
Generating index page...
Generating page index...
Generating module index...
Generating namespace index...
Generating namespace member index...
Generating annotated compound index...
Generating alphabetical compound index...
Generating hierarchical class index...
Generating member index...
Generating file index...
Generating file member index...
Generating example index...
finalizing index lists...
lookup cache used 0/65536 hits=0 misses=0
finished...
Parsing layout file DoxygenLayout.xml...
Searching for include files...
Searching for example files...
Searching for images...
Searching for files in directory D:/install/CR0-OCCT7_CR0-OCCT7/Windows-64-VC10-opt/OCCT/dox/resources
Searching for files in directory D:/install/CR0-OCCT7_CR0-OCCT7/Windows-64-VC10-opt/OCCT/dox/user_guides/iges/images
Searching for dot files...
Searching for msc files...
Searching for files to exclude
Searching for files to process...
Reading and parsing tag files
Parsing files
Reading D:/install/CR0-OCCT7_CR0-OCCT7/Windows-64-VC10-opt/OCCT/dox/user_guides/iges/iges.md...
Building group list...
Building directory list...
Building namespace list...
Building file list...
Building class list...
Associating documentation with classes...
Computing nesting relations for classes...
Building example list...
Searching for enumerations...
Searching for documented typedefs...
Searching for members imported via using declarations...
Searching for included using directives...
Searching for documented variables...
Building interface member list...
Building member list...
Searching for friends...
Searching for documented defines...
Computing class inheritance relations...
Computing class usage relations...
Flushing cached template relations that have become invalid...
Creating members for template instances...
Computing class relations...
Add enum values to enums...
Searching for member function documentation...
Building page list...
Search for main page...
Computing page relations...
Determining the scope of groups...
Sorting lists...
Freeing entry tree
Determining which enums are documented
Computing member relations...
Building full member lists recursively...
Adding members to member groups.
Computing member references...
Inheriting documentation...
Generating disk names...
Adding source references...
Adding xrefitems...
Sorting member lists...
Computing dependencies between directories...
Generating citations page...
Counting data structures...
Resolving user defined references...
Finding anchors and sections in the documentation...
Transferring function references...
Combining using relations...
Adding members to index pages...
Generating style sheet...
Generating example documentation...
Generating file sources...
Generating file documentation...
Generating page documentation...
Generating docs for page occt_user_guides__iges...
Generating group documentation...
Generating class documentation...
Generating namespace index...
Generating graph info page...
Generating directory documentation...
Generating index page...
Generating page index...
Generating module index...
Generating namespace index...
Generating namespace member index...
Generating annotated compound index...
Generating alphabetical compound index...
Generating hierarchical class index...
Generating member index...
Generating file index...
Generating file member index...
Generating example index...
finalizing index lists...
lookup cache used 0/65536 hits=0 misses=0
finished...
Parsing layout file DoxygenLayout.xml...
Searching for include files...
Searching for example files...
Searching for images...
Searching for files in directory D:/install/CR0-OCCT7_CR0-OCCT7/Windows-64-VC10-opt/OCCT/dox/resources
Searching for files in directory D:/install/CR0-OCCT7_CR0-OCCT7/Windows-64-VC10-opt/OCCT/dox/user_guides/modeling_data/images
Searching for dot files...
Searching for msc files...
Searching for files to exclude
Searching for files to process...
Reading and parsing tag files
Parsing files
Reading D:/install/CR0-OCCT7_CR0-OCCT7/Windows-64-VC10-opt/OCCT/dox/user_guides/modeling_data/modeling_data.md...
Building group list...
Building directory list...
Building namespace list...
Building file list...
Building class list...
Associating documentation with classes...
Computing nesting relations for classes...
Building example list...
Searching for enumerations...
Searching for documented typedefs...
Searching for members imported via using declarations...
Searching for included using directives...
Searching for documented variables...
Building interface member list...
Building member list...
Searching for friends...
Searching for documented defines...
Computing class inheritance relations...
Computing class usage relations...
Flushing cached template relations that have become invalid...
Creating members for template instances...
Computing class relations...
Add enum values to enums...
Searching for member function documentation...
Building page list...
Search for main page...
Computing page relations...
Determining the scope of groups...
Sorting lists...
Freeing entry tree
Determining which enums are documented
Computing member relations...
Building full member lists recursively...
Adding members to member groups.
Computing member references...
Inheriting documentation...
Generating disk names...
Adding source references...
Adding xrefitems...
Sorting member lists...
Computing dependencies between directories...
Generating citations page...
Counting data structures...
Resolving user defined references...
Finding anchors and sections in the documentation...
Transferring function references...
Combining using relations...
Adding members to index pages...
Generating style sheet...
Generating example documentation...
Generating file sources...
Generating file documentation...
Generating page documentation...
Generating docs for page occt_user_guides__modeling_data...
Generating group documentation...
Generating class documentation...
Generating namespace index...
Generating graph info page...
Generating directory documentation...
Generating index page...
Generating page index...
Generating module index...
Generating namespace index...
Generating namespace member index...
Generating annotated compound index...
Generating alphabetical compound index...
Generating hierarchical class index...
Generating member index...
Generating file index...
Generating file member index...
Generating example index...
finalizing index lists...
lookup cache used 0/65536 hits=0 misses=0
finished...
Parsing layout file DoxygenLayout.xml...
Searching for include files...
Searching for example files...
Searching for images...
Searching for files in directory D:/install/CR0-OCCT7_CR0-OCCT7/Windows-64-VC10-opt/OCCT/dox/resources
Searching for files in directory D:/install/CR0-OCCT7_CR0-OCCT7/Windows-64-VC10-opt/OCCT/dox/user_guides/modeling_algos/images
Searching for dot files...
Searching for msc files...
Searching for files to exclude
Searching for files to process...
Reading and parsing tag files
Parsing files
Reading D:/install/CR0-OCCT7_CR0-OCCT7/Windows-64-VC10-opt/OCCT/dox/user_guides/modeling_algos/modeling_algos.md...
Building group list...
Building directory list...
Building namespace list...
Building file list...
Building class list...
Associating documentation with classes...
Computing nesting relations for classes...
Building example list...
Searching for enumerations...
Searching for documented typedefs...
Searching for members imported via using declarations...
Searching for included using directives...
Searching for documented variables...
Building interface member list...
Building member list...
Searching for friends...
Searching for documented defines...
Computing class inheritance relations...
Computing class usage relations...
Flushing cached template relations that have become invalid...
Creating members for template instances...
Computing class relations...
Add enum values to enums...
Searching for member function documentation...
Building page list...
Search for main page...
Computing page relations...
Determining the scope of groups...
Sorting lists...
Freeing entry tree
Determining which enums are documented
Computing member relations...
Building full member lists recursively...
Adding members to member groups.
Computing member references...
Inheriting documentation...
Generating disk names...
Adding source references...
Adding xrefitems...
Sorting member lists...
Computing dependencies between directories...
Generating citations page...
Counting data structures...
Resolving user defined references...
Finding anchors and sections in the documentation...
Transferring function references...
Combining using relations...
Adding members to index pages...
Generating style sheet...
Generating example documentation...
Generating file sources...
Generating file documentation...
Generating page documentation...
Generating docs for page occt_user_guides__modeling_algos...
Generating group documentation...
Generating class documentation...
Generating namespace index...
Generating graph info page...
Generating directory documentation...
Generating index page...
Generating page index...
Generating module index...
Generating namespace index...
Generating namespace member index...
Generating annotated compound index...
Generating alphabetical compound index...
Generating hierarchical class index...
Generating member index...
Generating file index...
Generating file member index...
Generating example index...
finalizing index lists...
lookup cache used 0/65536 hits=0 misses=0
finished...
Parsing layout file DoxygenLayout.xml...
Searching for include files...
Searching for example files...
Searching for images...
Searching for files in directory D:/install/CR0-OCCT7_CR0-OCCT7/Windows-64-VC10-opt/OCCT/dox/resources
Searching for files in directory D:/install/CR0-OCCT7_CR0-OCCT7/Windows-64-VC10-opt/OCCT/dox/user_guides/boolean_operations/images
Searching for dot files...
Searching for msc files...
Searching for files to exclude
Searching for files to process...
Reading and parsing tag files
Parsing files
Reading D:/install/CR0-OCCT7_CR0-OCCT7/Windows-64-VC10-opt/OCCT/dox/user_guides/boolean_operations/boolean_operations.md...
Building group list...
Building directory list...
Building namespace list...
Building file list...
Building class list...
Associating documentation with classes...
Computing nesting relations for classes...
Building example list...
Searching for enumerations...
Searching for documented typedefs...
Searching for members imported via using declarations...
Searching for included using directives...
Searching for documented variables...
Building interface member list...
Building member list...
Searching for friends...
Searching for documented defines...
Computing class inheritance relations...
Computing class usage relations...
Flushing cached template relations that have become invalid...
Creating members for template instances...
Computing class relations...
Add enum values to enums...
Searching for member function documentation...
Building page list...
Search for main page...
Computing page relations...
Determining the scope of groups...
Sorting lists...
Freeing entry tree
Determining which enums are documented
Computing member relations...
Building full member lists recursively...
Adding members to member groups.
Computing member references...
Inheriting documentation...
Generating disk names...
Adding source references...
Adding xrefitems...
Sorting member lists...
Computing dependencies between directories...
Generating citations page...
Counting data structures...
Resolving user defined references...
Finding anchors and sections in the documentation...
Transferring function references...
Combining using relations...
Adding members to index pages...
Generating style sheet...
Generating example documentation...
Generating file sources...
Generating file documentation...
Generating page documentation...
Generating docs for page occt_user_guides__boolean_operations...
Generating group documentation...
Generating class documentation...
Generating namespace index...
Generating graph info page...
Generating directory documentation...
Generating index page...
Generating page index...
Generating module index...
Generating namespace index...
Generating namespace member index...
Generating annotated compound index...
Generating alphabetical compound index...
Generating hierarchical class index...
Generating member index...
Generating file index...
Generating file member index...
Generating example index...
finalizing index lists...
lookup cache used 0/65536 hits=0 misses=0
finished...
Parsing layout file DoxygenLayout.xml...
Searching for include files...
Searching for example files...
Searching for images...
Searching for files in directory D:/install/CR0-OCCT7_CR0-OCCT7/Windows-64-VC10-opt/OCCT/dox/resources
Searching for files in directory D:/install/CR0-OCCT7_CR0-OCCT7/Windows-64-VC10-opt/OCCT/dox/user_guides/shape_healing/images
Searching for dot files...
Searching for msc files...
Searching for files to exclude
Searching for files to process...
Reading and parsing tag files
Parsing files
Reading D:/install/CR0-OCCT7_CR0-OCCT7/Windows-64-VC10-opt/OCCT/dox/user_guides/shape_healing/shape_healing.md...
Building group list...
Building directory list...
Building namespace list...
Building file list...
Building class list...
Associating documentation with classes...
Computing nesting relations for classes...
Building example list...
Searching for enumerations...
Searching for documented typedefs...
Searching for members imported via using declarations...
Searching for included using directives...
Searching for documented variables...
Building interface member list...
Building member list...
Searching for friends...
Searching for documented defines...
Computing class inheritance relations...
Computing class usage relations...
Flushing cached template relations that have become invalid...
Creating members for template instances...
Computing class relations...
Add enum values to enums...
Searching for member function documentation...
Building page list...
Search for main page...
Computing page relations...
Determining the scope of groups...
Sorting lists...
Freeing entry tree
Determining which enums are documented
Computing member relations...
Building full member lists recursively...
Adding members to member groups.
Computing member references...
Inheriting documentation...
Generating disk names...
Adding source references...
Adding xrefitems...
Sorting member lists...
Computing dependencies between directories...
Generating citations page...
Counting data structures...
Resolving user defined references...
Finding anchors and sections in the documentation...
Transferring function references...
Combining using relations...
Adding members to index pages...
Generating style sheet...
Generating example documentation...
Generating file sources...
Generating file documentation...
Generating page documentation...
Generating docs for page occt_user_guides__shape_healing...
Generating group documentation...
Generating class documentation...
Generating namespace index...
Generating graph info page...
Generating directory documentation...
Generating index page...
Generating page index...
Generating module index...
Generating namespace index...
Generating namespace member index...
Generating annotated compound index...
Generating alphabetical compound index...
Generating hierarchical class index...
Generating member index...
Generating file index...
Generating file member index...
Generating example index...
finalizing index lists...
lookup cache used 0/65536 hits=0 misses=0
finished...
Parsing layout file DoxygenLayout.xml...
Searching for include files...
Searching for example files...
Searching for images...
Searching for files in directory D:/install/CR0-OCCT7_CR0-OCCT7/Windows-64-VC10-opt/OCCT/dox/resources
Searching for files in directory D:/install/CR0-OCCT7_CR0-OCCT7/Windows-64-VC10-opt/OCCT/dox/user_guides/ocaf/images
Searching for dot files...
Searching for msc files...
Searching for files to exclude
Searching for files to process...
Reading and parsing tag files
Parsing files
Reading D:/install/CR0-OCCT7_CR0-OCCT7/Windows-64-VC10-opt/OCCT/dox/user_guides/ocaf/ocaf.md...
Building group list...
Building directory list...
Building namespace list...
Building file list...
Building class list...
Associating documentation with classes...
Computing nesting relations for classes...
Building example list...
Searching for enumerations...
Searching for documented typedefs...
Searching for members imported via using declarations...
Searching for included using directives...
Searching for documented variables...
Building interface member list...
Building member list...
Searching for friends...
Searching for documented defines...
Computing class inheritance relations...
Computing class usage relations...
Flushing cached template relations that have become invalid...
Creating members for template instances...
Computing class relations...
Add enum values to enums...
Searching for member function documentation...
Building page list...
Search for main page...
Computing page relations...
Determining the scope of groups...
Sorting lists...
Freeing entry tree
Determining which enums are documented
Computing member relations...
Building full member lists recursively...
Adding members to member groups.
Computing member references...
Inheriting documentation...
Generating disk names...
Adding source references...
Adding xrefitems...
Sorting member lists...
Computing dependencies between directories...
Generating citations page...
Counting data structures...
Resolving user defined references...
Finding anchors and sections in the documentation...
Transferring function references...
Combining using relations...
Adding members to index pages...
Generating style sheet...
Generating example documentation...
Generating file sources...
Generating file documentation...
Generating page documentation...
Generating docs for page occt_user_guides__ocaf...
Generating group documentation...
Generating class documentation...
Generating namespace index...
Generating graph info page...
Generating directory documentation...
Generating index page...
Generating page index...
Generating module index...
Generating namespace index...
Generating namespace member index...
Generating annotated compound index...
Generating alphabetical compound index...
Generating hierarchical class index...
Generating member index...
Generating file index...
Generating file member index...
Generating example index...
finalizing index lists...
lookup cache used 0/65536 hits=0 misses=0
finished...
Parsing layout file DoxygenLayout.xml...
Searching for include files...
Searching for example files...
Searching for images...
Searching for files in directory D:/install/CR0-OCCT7_CR0-OCCT7/Windows-64-VC10-opt/OCCT/dox/resources
Searching for files in directory D:/install/CR0-OCCT7_CR0-OCCT7/Windows-64-VC10-opt/OCCT/dox/user_guides/step/images
Searching for dot files...
Searching for msc files...
Searching for files to exclude
Searching for files to process...
Reading and parsing tag files
Parsing files
Reading D:/install/CR0-OCCT7_CR0-OCCT7/Windows-64-VC10-opt/OCCT/dox/user_guides/step/step.md...
Building group list...
Building directory list...
Building namespace list...
Building file list...
Building class list...
Associating documentation with classes...
Computing nesting relations for classes...
Building example list...
Searching for enumerations...
Searching for documented typedefs...
Searching for members imported via using declarations...
Searching for included using directives...
Searching for documented variables...
Building interface member list...
Building member list...
Searching for friends...
Searching for documented defines...
Computing class inheritance relations...
Computing class usage relations...
Flushing cached template relations that have become invalid...
Creating members for template instances...
Computing class relations...
Add enum values to enums...
Searching for member function documentation...
Building page list...
Search for main page...
Computing page relations...
Determining the scope of groups...
Sorting lists...
Freeing entry tree
Determining which enums are documented
Computing member relations...
Building full member lists recursively...
Adding members to member groups.
Computing member references...
Inheriting documentation...
Generating disk names...
Adding source references...
Adding xrefitems...
Sorting member lists...
Computing dependencies between directories...
Generating citations page...
Counting data structures...
Resolving user defined references...
Finding anchors and sections in the documentation...
Transferring function references...
Combining using relations...
Adding members to index pages...
Generating style sheet...
Generating example documentation...
Generating file sources...
Generating file documentation...
Generating page documentation...
Generating docs for page occt_user_guides__step...
Generating group documentation...
Generating class documentation...
Generating namespace index...
Generating graph info page...
Generating directory documentation...
Generating index page...
Generating page index...
Generating module index...
Generating namespace index...
Generating namespace member index...
Generating annotated compound index...
Generating alphabetical compound index...
Generating hierarchical class index...
Generating member index...
Generating file index...
Generating file member index...
Generating example index...
finalizing index lists...
lookup cache used 0/65536 hits=0 misses=0
finished...
Parsing layout file DoxygenLayout.xml...
Searching for include files...
Searching for example files...
Searching for images...
Searching for files in directory D:/install/CR0-OCCT7_CR0-OCCT7/Windows-64-VC10-opt/OCCT/dox/resources
Searching for files in directory D:/install/CR0-OCCT7_CR0-OCCT7/Windows-64-VC10-opt/OCCT/dox/user_guides/draw_test_harness/images
Searching for dot files...
Searching for msc files...
Searching for files to exclude
Searching for files to process...
Reading and parsing tag files
Parsing files
Reading D:/install/CR0-OCCT7_CR0-OCCT7/Windows-64-VC10-opt/OCCT/dox/user_guides/draw_test_harness/draw_test_harness.md...
Building group list...
Building directory list...
Building namespace list...
Building file list...
Building class list...
Associating documentation with classes...
Computing nesting relations for classes...
Building example list...
Searching for enumerations...
Searching for documented typedefs...
Searching for members imported via using declarations...
Searching for included using directives...
Searching for documented variables...
Building interface member list...
Building member list...
Searching for friends...
Searching for documented defines...
Computing class inheritance relations...
Computing class usage relations...
Flushing cached template relations that have become invalid...
Creating members for template instances...
Computing class relations...
Add enum values to enums...
Searching for member function documentation...
Building page list...
Search for main page...
Computing page relations...
Determining the scope of groups...
Sorting lists...
Freeing entry tree
Determining which enums are documented
Computing member relations...
Building full member lists recursively...
Adding members to member groups.
Computing member references...
Inheriting documentation...
Generating disk names...
Adding source references...
Adding xrefitems...
Sorting member lists...
Computing dependencies between directories...
Generating citations page...
Counting data structures...
Resolving user defined references...
Finding anchors and sections in the documentation...
Transferring function references...
Combining using relations...
Adding members to index pages...
Generating style sheet...
Generating example documentation...
Generating file sources...
Generating file documentation...
Generating page documentation...
Generating docs for page occt_user_guides__test_harness...
Generating group documentation...
Generating class documentation...
Generating namespace index...
Generating graph info page...
Generating directory documentation...
Generating index page...
Generating page index...
Generating module index...
Generating namespace index...
Generating namespace member index...
Generating annotated compound index...
Generating alphabetical compound index...
Generating hierarchical class index...
Generating member index...
Generating file index...
Generating file member index...
Generating example index...
finalizing index lists...
lookup cache used 0/65536 hits=0 misses=0
finished...
Parsing layout file DoxygenLayout.xml...
Searching for include files...
Searching for example files...
Searching for images...
Searching for files in directory D:/install/CR0-OCCT7_CR0-OCCT7/Windows-64-VC10-opt/OCCT/dox/resources
Searching for files in directory D:/install/CR0-OCCT7_CR0-OCCT7/Windows-64-VC10-opt/OCCT/dox/user_guides/tobj/images
Searching for dot files...
Searching for msc files...
Searching for files to exclude
Searching for files to process...
Reading and parsing tag files
Parsing files
Reading D:/install/CR0-OCCT7_CR0-OCCT7/Windows-64-VC10-opt/OCCT/dox/user_guides/tobj/tobj.md...
Building group list...
Building directory list...
Building namespace list...
Building file list...
Building class list...
Associating documentation with classes...
Computing nesting relations for classes...
Building example list...
Searching for enumerations...
Searching for documented typedefs...
Searching for members imported via using declarations...
Searching for included using directives...
Searching for documented variables...
Building interface member list...
Building member list...
Searching for friends...
Searching for documented defines...
Computing class inheritance relations...
Computing class usage relations...
Flushing cached template relations that have become invalid...
Creating members for template instances...
Computing class relations...
Add enum values to enums...
Searching for member function documentation...
Building page list...
Search for main page...
Computing page relations...
Determining the scope of groups...
Sorting lists...
Freeing entry tree
Determining which enums are documented
Computing member relations...
Building full member lists recursively...
Adding members to member groups.
Computing member references...
Inheriting documentation...
Generating disk names...
Adding source references...
Adding xrefitems...
Sorting member lists...
Computing dependencies between directories...
Generating citations page...
Counting data structures...
Resolving user defined references...
Finding anchors and sections in the documentation...
Transferring function references...
Combining using relations...
Adding members to index pages...
Generating style sheet...
Generating example documentation...
Generating file sources...
Generating file documentation...
Generating page documentation...
Generating docs for page occt_user_guides__tobj...
Generating group documentation...
Generating class documentation...
Generating namespace index...
Generating graph info page...
Generating directory documentation...
Generating index page...
Generating page index...
Generating module index...
Generating namespace index...
Generating namespace member index...
Generating annotated compound index...
Generating alphabetical compound index...
Generating hierarchical class index...
Generating member index...
Generating file index...
Generating file member index...
Generating example index...
finalizing index lists...
lookup cache used 0/65536 hits=0 misses=0
finished...
Parsing layout file DoxygenLayout.xml...
Searching for include files...
Searching for example files...
Searching for images...
Searching for files in directory D:/install/CR0-OCCT7_CR0-OCCT7/Windows-64-VC10-opt/OCCT/dox/resources
Searching for files in directory D:/install/CR0-OCCT7_CR0-OCCT7/Windows-64-VC10-opt/OCCT/dox/user_guides/visualization/images
Searching for dot files...
Searching for msc files...
Searching for files to exclude
Searching for files to process...
Reading and parsing tag files
Parsing files
Reading D:/install/CR0-OCCT7_CR0-OCCT7/Windows-64-VC10-opt/OCCT/dox/user_guides/visualization/visualization.md...
Building group list...
Building directory list...
Building namespace list...
Building file list...
Building class list...
Associating documentation with classes...
Computing nesting relations for classes...
Building example list...
Searching for enumerations...
Searching for documented typedefs...
Searching for members imported via using declarations...
Searching for included using directives...
Searching for documented variables...
Building interface member list...
Building member list...
Searching for friends...
Searching for documented defines...
Computing class inheritance relations...
Computing class usage relations...
Flushing cached template relations that have become invalid...
Creating members for template instances...
Computing class relations...
Add enum values to enums...
Searching for member function documentation...
Building page list...
Search for main page...
Computing page relations...
Determining the scope of groups...
Sorting lists...
Freeing entry tree
Determining which enums are documented
Computing member relations...
Building full member lists recursively...
Adding members to member groups.
Computing member references...
Inheriting documentation...
Generating disk names...
Adding source references...
Adding xrefitems...
Sorting member lists...
Computing dependencies between directories...
Generating citations page...
Counting data structures...
Resolving user defined references...
Finding anchors and sections in the documentation...
Transferring function references...
Combining using relations...
Adding members to index pages...
Generating style sheet...
Generating example documentation...
Generating file sources...
Generating file documentation...
Generating page documentation...
Generating docs for page occt_user_guides__visualization...
Generating group documentation...
Generating class documentation...
Generating namespace index...
Generating graph info page...
Generating directory documentation...
Generating index page...
Generating page index...
Generating module index...
Generating namespace index...
Generating namespace member index...
Generating annotated compound index...
Generating alphabetical compound index...
Generating hierarchical class index...
Generating member index...
Generating file index...
Generating file member index...
Generating example index...
finalizing index lists...
lookup cache used 0/65536 hits=0 misses=0
finished...
Parsing layout file DoxygenLayout.xml...
Searching for include files...
Searching for example files...
Searching for images...
Searching for files in directory D:/install/CR0-OCCT7_CR0-OCCT7/Windows-64-VC10-opt/OCCT/dox/resources
Searching for files in directory D:/install/CR0-OCCT7_CR0-OCCT7/Windows-64-VC10-opt/OCCT/dox/user_guides/xde/images
Searching for dot files...
Searching for msc files...
Searching for files to exclude
Searching for files to process...
Reading and parsing tag files
Parsing files
Reading D:/install/CR0-OCCT7_CR0-OCCT7/Windows-64-VC10-opt/OCCT/dox/user_guides/xde/xde.md...
Building group list...
Building directory list...
Building namespace list...
Building file list...
Building class list...
Associating documentation with classes...
Computing nesting relations for classes...
Building example list...
Searching for enumerations...
Searching for documented typedefs...
Searching for members imported via using declarations...
Searching for included using directives...
Searching for documented variables...
Building interface member list...
Building member list...
Searching for friends...
Searching for documented defines...
Computing class inheritance relations...
Computing class usage relations...
Flushing cached template relations that have become invalid...
Creating members for template instances...
Computing class relations...
Add enum values to enums...
Searching for member function documentation...
Building page list...
Search for main page...
Computing page relations...
Determining the scope of groups...
Sorting lists...
Freeing entry tree
Determining which enums are documented
Computing member relations...
Building full member lists recursively...
Adding members to member groups.
Computing member references...
Inheriting documentation...
Generating disk names...
Adding source references...
Adding xrefitems...
Sorting member lists...
Computing dependencies between directories...
Generating citations page...
Counting data structures...
Resolving user defined references...
Finding anchors and sections in the documentation...
Transferring function references...
Combining using relations...
Adding members to index pages...
Generating style sheet...
Generating example documentation...
Generating file sources...
Generating file documentation...
Generating page documentation...
Generating docs for page occt_user_guides__xde...
Generating group documentation...
Generating class documentation...
Generating namespace index...
Generating graph info page...
Generating directory documentation...
Generating index page...
Generating page index...
Generating module index...
Generating namespace index...
Generating namespace member index...
Generating annotated compound index...
Generating alphabetical compound index...
Generating hierarchical class index...
Generating member index...
Generating file index...
Generating file member index...
Generating example index...
finalizing index lists...
lookup cache used 0/65536 hits=0 misses=0
finished...
Parsing layout file DoxygenLayout.xml...
Searching for include files...
Searching for example files...
Searching for images...
Searching for files in directory D:/install/CR0-OCCT7_CR0-OCCT7/Windows-64-VC10-opt/OCCT/dox/resources
Searching for files in directory D:/install/CR0-OCCT7_CR0-OCCT7/Windows-64-VC10-opt/OCCT/dox/user_guides/vis/images
Searching for dot files...
Searching for msc files...
Searching for files to exclude
Searching for files to process...
Reading and parsing tag files
Parsing files
Reading D:/install/CR0-OCCT7_CR0-OCCT7/Windows-64-VC10-opt/OCCT/dox/user_guides/vis/vis.md...
Building group list...
Building directory list...
Building namespace list...
Building file list...
Building class list...
Associating documentation with classes...
Computing nesting relations for classes...
Building example list...
Searching for enumerations...
Searching for documented typedefs...
Searching for members imported via using declarations...
Searching for included using directives...
Searching for documented variables...
Building interface member list...
Building member list...
Searching for friends...
Searching for documented defines...
Computing class inheritance relations...
Computing class usage relations...
Flushing cached template relations that have become invalid...
Creating members for template instances...
Computing class relations...
Add enum values to enums...
Searching for member function documentation...
Building page list...
Search for main page...
Computing page relations...
Determining the scope of groups...
Sorting lists...
Freeing entry tree
Determining which enums are documented
Computing member relations...
Building full member lists recursively...
Adding members to member groups.
Computing member references...
Inheriting documentation...
Generating disk names...
Adding source references...
Adding xrefitems...
Sorting member lists...
Computing dependencies between directories...
Generating citations page...
Counting data structures...
Resolving user defined references...
Finding anchors and sections in the documentation...
Transferring function references...
Combining using relations...
Adding members to index pages...
Generating style sheet...
Generating example documentation...
Generating file sources...
Generating file documentation...
Generating page documentation...
Generating docs for page occt_user_guides__vis...
Generating group documentation...
Generating class documentation...
Generating namespace index...
Generating graph info page...
Generating directory documentation...
Generating index page...
Generating page index...
Generating module index...
Generating namespace index...
Generating namespace member index...
Generating annotated compound index...
Generating alphabetical compound index...
Generating hierarchical class index...
Generating member index...
Generating file index...
Generating file member index...
Generating example index...
finalizing index lists...
lookup cache used 0/65536 hits=0 misses=0
finished...
Parsing layout file DoxygenLayout.xml...
Searching for include files...
Searching for example files...
Searching for images...
Searching for files in directory D:/install/CR0-OCCT7_CR0-OCCT7/Windows-64-VC10-opt/OCCT/dox/resources
Searching for files in directory D:/install/CR0-OCCT7_CR0-OCCT7/Windows-64-VC10-opt/OCCT/dox/dev_guides/contribution_workflow/images
Searching for dot files...
Searching for msc files...
Searching for files to exclude
Searching for files to process...
Reading and parsing tag files
Parsing files
Reading D:/install/CR0-OCCT7_CR0-OCCT7/Windows-64-VC10-opt/OCCT/dox/dev_guides/contribution_workflow/contribution_workflow.md...
Building group list...
Building directory list...
Building namespace list...
Building file list...
Building class list...
Associating documentation with classes...
Computing nesting relations for classes...
Building example list...
Searching for enumerations...
Searching for documented typedefs...
Searching for members imported via using declarations...
Searching for included using directives...
Searching for documented variables...
Building interface member list...
Building member list...
Searching for friends...
Searching for documented defines...
Computing class inheritance relations...
Computing class usage relations...
Flushing cached template relations that have become invalid...
Creating members for template instances...
Computing class relations...
Add enum values to enums...
Searching for member function documentation...
Building page list...
Search for main page...
Computing page relations...
Determining the scope of groups...
Sorting lists...
Freeing entry tree
Determining which enums are documented
Computing member relations...
Building full member lists recursively...
Adding members to member groups.
Computing member references...
Inheriting documentation...
Generating disk names...
Adding source references...
Adding xrefitems...
Sorting member lists...
Computing dependencies between directories...
Generating citations page...
Counting data structures...
Resolving user defined references...
Finding anchors and sections in the documentation...
Transferring function references...
Combining using relations...
Adding members to index pages...
Generating style sheet...
Generating example documentation...
Generating file sources...
Generating file documentation...
Generating page documentation...
Generating docs for page occt_dev_guides__contribution_workflow...
Generating group documentation...
Generating class documentation...
Generating namespace index...
Generating graph info page...
Generating directory documentation...
Generating index page...
Generating page index...
Generating module index...
Generating namespace index...
Generating namespace member index...
Generating annotated compound index...
Generating alphabetical compound index...
Generating hierarchical class index...
Generating member index...
Generating file index...
Generating file member index...
Generating example index...
finalizing index lists...
lookup cache used 0/65536 hits=0 misses=0
finished...
Parsing layout file DoxygenLayout.xml...
Searching for include files...
Searching for example files...
Searching for images...
Searching for files in directory D:/install/CR0-OCCT7_CR0-OCCT7/Windows-64-VC10-opt/OCCT/dox/resources
Searching for files in directory D:/install/CR0-OCCT7_CR0-OCCT7/Windows-64-VC10-opt/OCCT/dox/dev_guides/documentation/images
Searching for dot files...
Searching for msc files...
Searching for files to exclude
Searching for files to process...
Reading and parsing tag files
Parsing files
Reading D:/install/CR0-OCCT7_CR0-OCCT7/Windows-64-VC10-opt/OCCT/dox/dev_guides/documentation/documentation.md...
Building group list...
Building directory list...
Building namespace list...
Building file list...
Building class list...
Associating documentation with classes...
Computing nesting relations for classes...
Building example list...
Searching for enumerations...
Searching for documented typedefs...
Searching for members imported via using declarations...
Searching for included using directives...
Searching for documented variables...
Building interface member list...
Building member list...
Searching for friends...
Searching for documented defines...
Computing class inheritance relations...
Computing class usage relations...
Flushing cached template relations that have become invalid...
Creating members for template instances...
Computing class relations...
Add enum values to enums...
Searching for member function documentation...
Building page list...
Search for main page...
Computing page relations...
Determining the scope of groups...
Sorting lists...
Freeing entry tree
Determining which enums are documented
Computing member relations...
Building full member lists recursively...
Adding members to member groups.
Computing member references...
Inheriting documentation...
Generating disk names...
Adding source references...
Adding xrefitems...
Sorting member lists...
Computing dependencies between directories...
Generating citations page...
Counting data structures...
Resolving user defined references...
Finding anchors and sections in the documentation...
Transferring function references...
Combining using relations...
Adding members to index pages...
Generating style sheet...
Generating example documentation...
Generating file sources...
Generating file documentation...
Generating page documentation...
Generating docs for page occt_dev_guides__documentation...
Generating group documentation...
Generating class documentation...
Generating namespace index...
Generating graph info page...
Generating directory documentation...
Generating index page...
Generating page index...
Generating module index...
Generating namespace index...
Generating namespace member index...
Generating annotated compound index...
Generating alphabetical compound index...
Generating hierarchical class index...
Generating member index...
Generating file index...
Generating file member index...
Generating example index...
finalizing index lists...
lookup cache used 0/65536 hits=0 misses=0
finished...
Parsing layout file DoxygenLayout.xml...
Searching for include files...
Searching for example files...
Searching for images...
Searching for files in directory D:/install/CR0-OCCT7_CR0-OCCT7/Windows-64-VC10-opt/OCCT/dox/resources
Searching for dot files...
Searching for msc files...
Searching for files to exclude
Searching for files to process...
Reading and parsing tag files
Parsing files
Reading D:/install/CR0-OCCT7_CR0-OCCT7/Windows-64-VC10-opt/OCCT/dox/dev_guides/contribution/coding_rules.md...
Building group list...
Building directory list...
Building namespace list...
Building file list...
Building class list...
Associating documentation with classes...
Computing nesting relations for classes...
Building example list...
Searching for enumerations...
Searching for documented typedefs...
Searching for members imported via using declarations...
Searching for included using directives...
Searching for documented variables...
Building interface member list...
Building member list...
Searching for friends...
Searching for documented defines...
Computing class inheritance relations...
Computing class usage relations...
Flushing cached template relations that have become invalid...
Creating members for template instances...
Computing class relations...
Add enum values to enums...
Searching for member function documentation...
Building page list...
Search for main page...
Computing page relations...
Determining the scope of groups...
Sorting lists...
Freeing entry tree
Determining which enums are documented
Computing member relations...
Building full member lists recursively...
Adding members to member groups.
Computing member references...
Inheriting documentation...
Generating disk names...
Adding source references...
Adding xrefitems...
Sorting member lists...
Computing dependencies between directories...
Generating citations page...
Counting data structures...
Resolving user defined references...
Finding anchors and sections in the documentation...
Transferring function references...
Combining using relations...
Adding members to index pages...
Generating style sheet...
Generating example documentation...
Generating file sources...
Generating file documentation...
Generating page documentation...
Generating docs for page occt_dev_guides__coding_rules...
Generating group documentation...
Generating class documentation...
Generating namespace index...
Generating graph info page...
Generating directory documentation...
Generating index page...
Generating page index...
Generating module index...
Generating namespace index...
Generating namespace member index...
Generating annotated compound index...
Generating alphabetical compound index...
Generating hierarchical class index...
Generating member index...
Generating file index...
Generating file member index...
Generating example index...
finalizing index lists...
lookup cache used 0/65536 hits=0 misses=0
finished...
Parsing layout file DoxygenLayout.xml...
Searching for include files...
Searching for example files...
Searching for images...
Searching for files in directory D:/install/CR0-OCCT7_CR0-OCCT7/Windows-64-VC10-opt/OCCT/dox/resources
Searching for files in directory D:/install/CR0-OCCT7_CR0-OCCT7/Windows-64-VC10-opt/OCCT/dox/dev_guides/git_guide/images
Searching for dot files...
Searching for msc files...
Searching for files to exclude
Searching for files to process...
Reading and parsing tag files
Parsing files
Reading D:/install/CR0-OCCT7_CR0-OCCT7/Windows-64-VC10-opt/OCCT/dox/dev_guides/git_guide/git_guide.md...
Building group list...
Building directory list...
Building namespace list...
Building file list...
Building class list...
Associating documentation with classes...
Computing nesting relations for classes...
Building example list...
Searching for enumerations...
Searching for documented typedefs...
Searching for members imported via using declarations...
Searching for included using directives...
Searching for documented variables...
Building interface member list...
Building member list...
Searching for friends...
Searching for documented defines...
Computing class inheritance relations...
Computing class usage relations...
Flushing cached template relations that have become invalid...
Creating members for template instances...
Computing class relations...
Add enum values to enums...
Searching for member function documentation...
Building page list...
Search for main page...
Computing page relations...
Determining the scope of groups...
Sorting lists...
Freeing entry tree
Determining which enums are documented
Computing member relations...
Building full member lists recursively...
Adding members to member groups.
Computing member references...
Inheriting documentation...
Generating disk names...
Adding source references...
Adding xrefitems...
Sorting member lists...
Computing dependencies between directories...
Generating citations page...
Counting data structures...
Resolving user defined references...
Finding anchors and sections in the documentation...
Transferring function references...
Combining using relations...
Adding members to index pages...
Generating style sheet...
Generating example documentation...
Generating file sources...
Generating file documentation...
Generating page documentation...
Generating docs for page occt_dev_guides__git_guide...
Generating group documentation...
Generating class documentation...
Generating namespace index...
Generating graph info page...
Generating directory documentation...
Generating index page...
Generating page index...
Generating module index...
Generating namespace index...
Generating namespace member index...
Generating annotated compound index...
Generating alphabetical compound index...
Generating hierarchical class index...
Generating member index...
Generating file index...
Generating file member index...
Generating example index...
finalizing index lists...
lookup cache used 0/65536 hits=0 misses=0
finished...
Parsing layout file DoxygenLayout.xml...
Searching for include files...
Searching for example files...
Searching for images...
Searching for files in directory D:/install/CR0-OCCT7_CR0-OCCT7/Windows-64-VC10-opt/OCCT/dox/resources
Searching for files in directory D:/install/CR0-OCCT7_CR0-OCCT7/Windows-64-VC10-opt/OCCT/dox/dev_guides/tests/images
Searching for dot files...
Searching for msc files...
Searching for files to exclude
Searching for files to process...
Reading and parsing tag files
Parsing files
Reading D:/install/CR0-OCCT7_CR0-OCCT7/Windows-64-VC10-opt/OCCT/dox/dev_guides/tests/tests.md...
Building group list...
Building directory list...
Building namespace list...
Building file list...
Building class list...
Associating documentation with classes...
Computing nesting relations for classes...
Building example list...
Searching for enumerations...
Searching for documented typedefs...
Searching for members imported via using declarations...
Searching for included using directives...
Searching for documented variables...
Building interface member list...
Building member list...
Searching for friends...
Searching for documented defines...
Computing class inheritance relations...
Computing class usage relations...
Flushing cached template relations that have become invalid...
Creating members for template instances...
Computing class relations...
Add enum values to enums...
Searching for member function documentation...
Building page list...
Search for main page...
Computing page relations...
Determining the scope of groups...
Sorting lists...
Freeing entry tree
Determining which enums are documented
Computing member relations...
Building full member lists recursively...
Adding members to member groups.
Computing member references...
Inheriting documentation...
Generating disk names...
Adding source references...
Adding xrefitems...
Sorting member lists...
Computing dependencies between directories...
Generating citations page...
Counting data structures...
Resolving user defined references...
Finding anchors and sections in the documentation...
Transferring function references...
Combining using relations...
Adding members to index pages...
Generating style sheet...
Generating example documentation...
Generating file sources...
Generating file documentation...
Generating page documentation...
Generating docs for page occt_dev_guides__tests...
Generating group documentation...
Generating class documentation...
Generating namespace index...
Generating graph info page...
Generating directory documentation...
Generating index page...
Generating page index...
Generating module index...
Generating namespace index...
Generating namespace member index...
Generating annotated compound index...
Generating alphabetical compound index...
Generating hierarchical class index...
Generating member index...
Generating file index...
Generating file member index...
Generating example index...
finalizing index lists...
lookup cache used 0/65536 hits=0 misses=0
finished...
Parsing layout file DoxygenLayout.xml...
Searching for include files...
Searching for example files...
Searching for images...
Searching for files in directory D:/install/CR0-OCCT7_CR0-OCCT7/Windows-64-VC10-opt/OCCT/dox/resources
Searching for dot files...
Searching for msc files...
Searching for files to exclude
Searching for files to process...
Reading and parsing tag files
Parsing files
Reading D:/install/CR0-OCCT7_CR0-OCCT7/Windows-64-VC10-opt/OCCT/dox/dev_guides/upgrade/upgrade.md...
Building group list...
Building directory list...
Building namespace list...
Building file list...
Building class list...
Associating documentation with classes...
Computing nesting relations for classes...
Building example list...
Searching for enumerations...
Searching for documented typedefs...
Searching for members imported via using declarations...
Searching for included using directives...
Searching for documented variables...
Building interface member list...
Building member list...
Searching for friends...
Searching for documented defines...
Computing class inheritance relations...
Computing class usage relations...
Flushing cached template relations that have become invalid...
Creating members for template instances...
Computing class relations...
Add enum values to enums...
Searching for member function documentation...
Building page list...
Search for main page...
Computing page relations...
Determining the scope of groups...
Sorting lists...
Freeing entry tree
Determining which enums are documented
Computing member relations...
Building full member lists recursively...
Adding members to member groups.
Computing member references...
Inheriting documentation...
Generating disk names...
Adding source references...
Adding xrefitems...
Sorting member lists...
Computing dependencies between directories...
Generating citations page...
Counting data structures...
Resolving user defined references...
Finding anchors and sections in the documentation...
Transferring function references...
Combining using relations...
Adding members to index pages...
Generating style sheet...
Generating example documentation...
Generating file sources...
Generating file documentation...
Generating page documentation...
Generating docs for page occt_dev_guides__upgrade...
Generating group documentation...
Generating class documentation...
Generating namespace index...
Generating graph info page...
Generating directory documentation...
Generating index page...
Generating page index...
Generating module index...
Generating namespace index...
Generating namespace member index...
Generating annotated compound index...
Generating alphabetical compound index...
Generating hierarchical class index...
Generating member index...
Generating file index...
Generating file member index...
Generating example index...
finalizing index lists...
lookup cache used 0/65536 hits=0 misses=0
finished...
Parsing layout file DoxygenLayout.xml...
Searching for include files...
Searching for example files...
Searching for images...
Searching for files in directory D:/install/CR0-OCCT7_CR0-OCCT7/Windows-64-VC10-opt/OCCT/dox/resources
Searching for files in directory D:/install/CR0-OCCT7_CR0-OCCT7/Windows-64-VC10-opt/OCCT/dox/tutorial/images
Searching for dot files...
Searching for msc files...
Searching for files to exclude
Searching for files to process...
Reading and parsing tag files
Parsing files
Reading D:/install/CR0-OCCT7_CR0-OCCT7/Windows-64-VC10-opt/OCCT/dox/tutorial/tutorial.md...
Building group list...
Building directory list...
Building namespace list...
Building file list...
Building class list...
Associating documentation with classes...
Computing nesting relations for classes...
Building example list...
Searching for enumerations...
Searching for documented typedefs...
Searching for members imported via using declarations...
Searching for included using directives...
Searching for documented variables...
Building interface member list...
Building member list...
Searching for friends...
Searching for documented defines...
Computing class inheritance relations...
Computing class usage relations...
Flushing cached template relations that have become invalid...
Creating members for template instances...
Computing class relations...
Add enum values to enums...
Searching for member function documentation...
Building page list...
Search for main page...
Computing page relations...
Determining the scope of groups...
Sorting lists...
Freeing entry tree
Determining which enums are documented
Computing member relations...
Building full member lists recursively...
Adding members to member groups.
Computing member references...
Inheriting documentation...
Generating disk names...
Adding source references...
Adding xrefitems...
Sorting member lists...
Computing dependencies between directories...
Generating citations page...
Counting data structures...
Resolving user defined references...
Finding anchors and sections in the documentation...
Transferring function references...
Combining using relations...
Adding members to index pages...
Generating style sheet...
Generating example documentation...
Generating file sources...
Generating file documentation...
Generating page documentation...
Generating docs for page occt__tutorial...
Generating group documentation...
Generating class documentation...
Generating namespace index...
Generating graph info page...
Generating directory documentation...
Generating index page...
Generating page index...
Generating module index...
Generating namespace index...
Generating namespace member index...
Generating annotated compound index...
Generating alphabetical compound index...
Generating hierarchical class index...
Generating member index...
Generating file index...
Generating file member index...
Generating example index...
finalizing index lists...
lookup cache used 0/65536 hits=0 misses=0
finished...
Searching for include files...
Searching for example files...
Searching for images...
Searching for files in directory D:/install/CR0-OCCT7_CR0-OCCT7/Windows-64-VC10-opt/OCCT/dox/resources
Searching for files in directory D:/install/CR0-OCCT7_CR0-OCCT7/Windows-64-VC10-opt/OCCT/dox/overview/images
Searching for files in directory D:/install/CR0-OCCT7_CR0-OCCT7/Windows-64-VC10-opt/OCCT/dox/tutorial/images
Searching for files in directory D:/install/CR0-OCCT7_CR0-OCCT7/Windows-64-VC10-opt/OCCT/dox/technical_overview/images
Searching for files in directory D:/install/CR0-OCCT7_CR0-OCCT7/Windows-64-VC10-opt/OCCT/dox/user_guides/foundation_classes/images
Searching for files in directory D:/install/CR0-OCCT7_CR0-OCCT7/Windows-64-VC10-opt/OCCT/dox/user_guides/modeling_data/images
Searching for files in directory D:/install/CR0-OCCT7_CR0-OCCT7/Windows-64-VC10-opt/OCCT/dox/user_guides/modeling_algos/images
Searching for files in directory D:/install/CR0-OCCT7_CR0-OCCT7/Windows-64-VC10-opt/OCCT/dox/user_guides/boolean_operations/images
Searching for files in directory D:/install/CR0-OCCT7_CR0-OCCT7/Windows-64-VC10-opt/OCCT/dox/user_guides/shape_healing/images
Searching for files in directory D:/install/CR0-OCCT7_CR0-OCCT7/Windows-64-VC10-opt/OCCT/dox/user_guides/visualization/images
Searching for files in directory D:/install/CR0-OCCT7_CR0-OCCT7/Windows-64-VC10-opt/OCCT/dox/user_guides/iges/images
Searching for files in directory D:/install/CR0-OCCT7_CR0-OCCT7/Windows-64-VC10-opt/OCCT/dox/user_guides/step/images
Searching for files in directory D:/install/CR0-OCCT7_CR0-OCCT7/Windows-64-VC10-opt/OCCT/dox/user_guides/xde/images
Searching for files in directory D:/install/CR0-OCCT7_CR0-OCCT7/Windows-64-VC10-opt/OCCT/dox/user_guides/ocaf/images
Searching for files in directory D:/install/CR0-OCCT7_CR0-OCCT7/Windows-64-VC10-opt/OCCT/dox/user_guides/tobj/images
Searching for files in directory D:/install/CR0-OCCT7_CR0-OCCT7/Windows-64-VC10-opt/OCCT/dox/user_guides/draw_test_harness/images
Searching for files in directory D:/install/CR0-OCCT7_CR0-OCCT7/Windows-64-VC10-opt/OCCT/dox/user_guides/vis/images
Searching for files in directory D:/install/CR0-OCCT7_CR0-OCCT7/Windows-64-VC10-opt/OCCT/dox/dev_guides/documentation/images
Searching for files in directory D:/install/CR0-OCCT7_CR0-OCCT7/Windows-64-VC10-opt/OCCT/dox/dev_guides/contribution_workflow/images
Searching for files in directory D:/install/CR0-OCCT7_CR0-OCCT7/Windows-64-VC10-opt/OCCT/dox/dev_guides/git_guide/images
Searching for files in directory D:/install/CR0-OCCT7_CR0-OCCT7/Windows-64-VC10-opt/OCCT/dox/dev_guides/tests/images
Searching for files in directory D:/install/CR0-OCCT7_CR0-OCCT7/Windows-64-VC10-opt/OCCT/dox/dev_guides/building/3rdparty/images
Searching for files in directory D:/install/CR0-OCCT7_CR0-OCCT7/Windows-64-VC10-opt/OCCT/dox/dev_guides/building/3rdparty/images
Searching for files in directory D:/install/CR0-OCCT7_CR0-OCCT7/Windows-64-VC10-opt/OCCT/dox/dev_guides/building/3rdparty/images
Searching for files in directory D:/install/CR0-OCCT7_CR0-OCCT7/Windows-64-VC10-opt/OCCT/dox/dev_guides/building/cmake/images
Searching for files in directory D:/install/CR0-OCCT7_CR0-OCCT7/Windows-64-VC10-opt/OCCT/dox/dev_guides/building/android/images
Searching for dot files...
Searching for msc files...
Searching for files to exclude
Searching for files to process...
Reading and parsing tag files
Parsing files
Reading D:/install/CR0-OCCT7_CR0-OCCT7/Windows-64-VC10-opt/OCCT/dox/overview/overview.md...
Reading D:/install/CR0-OCCT7_CR0-OCCT7/Windows-64-VC10-opt/OCCT/samples/mfc/standard/ReadMe.md...
Reading D:/install/CR0-OCCT7_CR0-OCCT7/Windows-64-VC10-opt/OCCT/samples/CSharp/ReadMe.md...
Reading D:/install/CR0-OCCT7_CR0-OCCT7/Windows-64-VC10-opt/OCCT/samples/CSharp/ReadMe_D3D.md...
Reading D:/install/CR0-OCCT7_CR0-OCCT7/Windows-64-VC10-opt/OCCT/samples/qt/AndroidQt/ReadMe.md...
Reading D:/install/CR0-OCCT7_CR0-OCCT7/Windows-64-VC10-opt/OCCT/samples/java/jniviewer/ReadMe.md...
Reading D:/install/CR0-OCCT7_CR0-OCCT7/Windows-64-VC10-opt/OCCT/dox/tutorial/tutorial.md...
Reading D:/install/CR0-OCCT7_CR0-OCCT7/Windows-64-VC10-opt/OCCT/dox/technical_overview/technical_overview.md...
Reading D:/install/CR0-OCCT7_CR0-OCCT7/Windows-64-VC10-opt/OCCT/dox/user_guides/user_guides.md...
Reading D:/install/CR0-OCCT7_CR0-OCCT7/Windows-64-VC10-opt/OCCT/dox/user_guides/foundation_classes/foundation_classes.md...
Reading D:/install/CR0-OCCT7_CR0-OCCT7/Windows-64-VC10-opt/OCCT/dox/user_guides/modeling_data/modeling_data.md...
Reading D:/install/CR0-OCCT7_CR0-OCCT7/Windows-64-VC10-opt/OCCT/dox/user_guides/modeling_algos/modeling_algos.md...
Reading D:/install/CR0-OCCT7_CR0-OCCT7/Windows-64-VC10-opt/OCCT/dox/user_guides/boolean_operations/boolean_operations.md...
Reading D:/install/CR0-OCCT7_CR0-OCCT7/Windows-64-VC10-opt/OCCT/dox/user_guides/shape_healing/shape_healing.md...
Reading D:/install/CR0-OCCT7_CR0-OCCT7/Windows-64-VC10-opt/OCCT/dox/user_guides/visualization/visualization.md...
Reading D:/install/CR0-OCCT7_CR0-OCCT7/Windows-64-VC10-opt/OCCT/dox/user_guides/iges/iges.md...
Reading D:/install/CR0-OCCT7_CR0-OCCT7/Windows-64-VC10-opt/OCCT/dox/user_guides/step/step.md...
Reading D:/install/CR0-OCCT7_CR0-OCCT7/Windows-64-VC10-opt/OCCT/dox/user_guides/xde/xde.md...
Reading D:/install/CR0-OCCT7_CR0-OCCT7/Windows-64-VC10-opt/OCCT/dox/user_guides/ocaf/ocaf.md...
Reading D:/install/CR0-OCCT7_CR0-OCCT7/Windows-64-VC10-opt/OCCT/dox/user_guides/tobj/tobj.md...
Reading D:/install/CR0-OCCT7_CR0-OCCT7/Windows-64-VC10-opt/OCCT/dox/user_guides/draw_test_harness/draw_test_harness.md...
Reading D:/install/CR0-OCCT7_CR0-OCCT7/Windows-64-VC10-opt/OCCT/dox/user_guides/brep_wp/brep_wp.md...
Reading D:/install/CR0-OCCT7_CR0-OCCT7/Windows-64-VC10-opt/OCCT/dox/user_guides/vis/vis.md...
Reading D:/install/CR0-OCCT7_CR0-OCCT7/Windows-64-VC10-opt/OCCT/dox/dev_guides/dev_guides.md...
Reading D:/install/CR0-OCCT7_CR0-OCCT7/Windows-64-VC10-opt/OCCT/dox/dev_guides/documentation/documentation.md...
Reading D:/install/CR0-OCCT7_CR0-OCCT7/Windows-64-VC10-opt/OCCT/dox/dev_guides/contribution/coding_rules.md...
Reading D:/install/CR0-OCCT7_CR0-OCCT7/Windows-64-VC10-opt/OCCT/dox/dev_guides/contribution_workflow/contribution_workflow.md...
Reading D:/install/CR0-OCCT7_CR0-OCCT7/Windows-64-VC10-opt/OCCT/dox/dev_guides/git_guide/git_guide.md...
Reading D:/install/CR0-OCCT7_CR0-OCCT7/Windows-64-VC10-opt/OCCT/dox/dev_guides/tests/tests.md...
Reading D:/install/CR0-OCCT7_CR0-OCCT7/Windows-64-VC10-opt/OCCT/dox/dev_guides/debug/debug.md...
Reading D:/install/CR0-OCCT7_CR0-OCCT7/Windows-64-VC10-opt/OCCT/dox/dev_guides/upgrade/upgrade.md...
Reading D:/install/CR0-OCCT7_CR0-OCCT7/Windows-64-VC10-opt/OCCT/dox/dev_guides/building/building.md...
Reading D:/install/CR0-OCCT7_CR0-OCCT7/Windows-64-VC10-opt/OCCT/dox/dev_guides/building/3rdparty/3rdparty_windows.md...
Reading D:/install/CR0-OCCT7_CR0-OCCT7/Windows-64-VC10-opt/OCCT/dox/dev_guides/building/3rdparty/3rdparty_linux.md...
Reading D:/install/CR0-OCCT7_CR0-OCCT7/Windows-64-VC10-opt/OCCT/dox/dev_guides/building/3rdparty/3rdparty_osx.md...
Reading D:/install/CR0-OCCT7_CR0-OCCT7/Windows-64-VC10-opt/OCCT/dox/dev_guides/building/cmake/cmake.md...
Reading D:/install/CR0-OCCT7_CR0-OCCT7/Windows-64-VC10-opt/OCCT/dox/dev_guides/building/android/android.md...
Reading D:/install/CR0-OCCT7_CR0-OCCT7/Windows-64-VC10-opt/OCCT/dox/dev_guides/building/code_blocks.md...
Reading D:/install/CR0-OCCT7_CR0-OCCT7/Windows-64-VC10-opt/OCCT/dox/dev_guides/building/msvc.md...
Reading D:/install/CR0-OCCT7_CR0-OCCT7/Windows-64-VC10-opt/OCCT/dox/dev_guides/building/xcode.md...
Reading D:/install/CR0-OCCT7_CR0-OCCT7/Windows-64-VC10-opt/OCCT/dox/license.md...
Building group list...
Building directory list...
Building namespace list...
Building file list...
Building class list...
Associating documentation with classes...
Computing nesting relations for classes...
Building example list...
Searching for enumerations...
Searching for documented typedefs...
Searching for members imported via using declarations...
Searching for included using directives...
Searching for documented variables...
Building interface member list...
Building member list...
Searching for friends...
Searching for documented defines...
Computing class inheritance relations...
Computing class usage relations...
Flushing cached template relations that have become invalid...
Creating members for template instances...
Computing class relations...
Add enum values to enums...
Searching for member function documentation...
Building page list...
Search for main page...
Computing page relations...
Determining the scope of groups...
Sorting lists...
Freeing entry tree
Determining which enums are documented
Computing member relations...
Building full member lists recursively...
Adding members to member groups.
Computing member references...
Inheriting documentation...
Generating disk names...
Adding source references...
Adding xrefitems...
Sorting member lists...
Computing dependencies between directories...
Generating citations page...
Counting data structures...
Resolving user defined references...
Finding anchors and sections in the documentation...
Transferring function references...
Combining using relations...
Adding members to index pages...
Generating style sheet...
Generating example documentation...
Generating file sources...
Generating file documentation...
Generating page documentation...
Generating docs for page samples_mfc_standard...
Generating docs for page samples_csharp_occt...
Generating docs for page samples_csharp_direct3d...
Generating docs for page samples_qml_android_occt...
Generating docs for page samples_java_android_occt...
Generating docs for page occt__tutorial...
Generating docs for page technical_overview...
Generating docs for page user_guides...
Generating docs for page occt_user_guides__foundation_classes...
Generating docs for page occt_user_guides__modeling_data...
Generating docs for page occt_user_guides__modeling_algos...
Generating docs for page occt_user_guides__boolean_operations...
Generating docs for page occt_user_guides__shape_healing...
Generating docs for page occt_user_guides__visualization...
Generating docs for page occt_user_guides__iges...
Generating docs for page occt_user_guides__step...
Generating docs for page occt_user_guides__xde...
Generating docs for page occt_user_guides__ocaf...
Generating docs for page occt_user_guides__tobj...
Generating docs for page occt_user_guides__test_harness...
Generating docs for page occt_user_guides__brep_wp...
Generating docs for page occt_user_guides__vis...
Generating docs for page dev_guides...
Generating docs for page occt_dev_guides__documentation...
Generating docs for page occt_dev_guides__coding_rules...
Generating docs for page occt_dev_guides__contribution_workflow...
Generating docs for page occt_dev_guides__git_guide...
Generating docs for page occt_dev_guides__tests...
Generating docs for page occt_dev_guides__debug...
Generating docs for page occt_dev_guides__upgrade...
Generating docs for page occt_dev_guides__building...
Generating docs for page occt_dev_guides__building_3rdparty_windows...
Generating docs for page occt_dev_guides__building_3rdparty_linux...
Generating docs for page occt_dev_guides__building_3rdparty_osx...
Generating docs for page occt_dev_guides__building_cmake...
Generating docs for page occt_dev_guides__building_android...
Generating docs for page occt_dev_guides__building_code_blocks...
Generating docs for page occt_dev_guides__building_msvc...
Generating docs for page occt_dev_guides__building_xcode...
Generating docs for page occt_public_license...
Generating group documentation...
Generating class documentation...
Generating namespace index...
Generating graph info page...
Generating directory documentation...
Generating index page...
Generating page index...
Generating module index...
Generating namespace index...
Generating namespace member index...
Generating annotated compound index...
Generating alphabetical compound index...
Generating hierarchical class index...
Generating member index...
Generating file index...
Generating file member index...
Generating example index...
finalizing index lists...
Running html help compiler...
lookup cache used 2/65536 hits=8 misses=2
finished...
Searching for include files...
Searching for example files...
Searching for images...
Searching for files in directory D:/install/CR0-OCCT7_CR0-OCCT7/Windows-64-VC10-opt/OCCT/dox/resources
Searching for files in directory D:/install/CR0-OCCT7_CR0-OCCT7/Windows-64-VC10-opt/OCCT/dox/overview/images
Searching for files in directory D:/install/CR0-OCCT7_CR0-OCCT7/Windows-64-VC10-opt/OCCT/dox/tutorial/images
Searching for files in directory D:/install/CR0-OCCT7_CR0-OCCT7/Windows-64-VC10-opt/OCCT/dox/technical_overview/images
Searching for files in directory D:/install/CR0-OCCT7_CR0-OCCT7/Windows-64-VC10-opt/OCCT/dox/user_guides/foundation_classes/images
Searching for files in directory D:/install/CR0-OCCT7_CR0-OCCT7/Windows-64-VC10-opt/OCCT/dox/user_guides/modeling_data/images
Searching for files in directory D:/install/CR0-OCCT7_CR0-OCCT7/Windows-64-VC10-opt/OCCT/dox/user_guides/modeling_algos/images
Searching for files in directory D:/install/CR0-OCCT7_CR0-OCCT7/Windows-64-VC10-opt/OCCT/dox/user_guides/boolean_operations/images
Searching for files in directory D:/install/CR0-OCCT7_CR0-OCCT7/Windows-64-VC10-opt/OCCT/dox/user_guides/shape_healing/images
Searching for files in directory D:/install/CR0-OCCT7_CR0-OCCT7/Windows-64-VC10-opt/OCCT/dox/user_guides/visualization/images
Searching for files in directory D:/install/CR0-OCCT7_CR0-OCCT7/Windows-64-VC10-opt/OCCT/dox/user_guides/iges/images
Searching for files in directory D:/install/CR0-OCCT7_CR0-OCCT7/Windows-64-VC10-opt/OCCT/dox/user_guides/step/images
Searching for files in directory D:/install/CR0-OCCT7_CR0-OCCT7/Windows-64-VC10-opt/OCCT/dox/user_guides/xde/images
Searching for files in directory D:/install/CR0-OCCT7_CR0-OCCT7/Windows-64-VC10-opt/OCCT/dox/user_guides/ocaf/images
Searching for files in directory D:/install/CR0-OCCT7_CR0-OCCT7/Windows-64-VC10-opt/OCCT/dox/user_guides/tobj/images
Searching for files in directory D:/install/CR0-OCCT7_CR0-OCCT7/Windows-64-VC10-opt/OCCT/dox/user_guides/draw_test_harness/images
Searching for files in directory D:/install/CR0-OCCT7_CR0-OCCT7/Windows-64-VC10-opt/OCCT/dox/user_guides/vis/images
Searching for files in directory D:/install/CR0-OCCT7_CR0-OCCT7/Windows-64-VC10-opt/OCCT/dox/dev_guides/documentation/images
Searching for files in directory D:/install/CR0-OCCT7_CR0-OCCT7/Windows-64-VC10-opt/OCCT/dox/dev_guides/contribution_workflow/images
Searching for files in directory D:/install/CR0-OCCT7_CR0-OCCT7/Windows-64-VC10-opt/OCCT/dox/dev_guides/git_guide/images
Searching for files in directory D:/install/CR0-OCCT7_CR0-OCCT7/Windows-64-VC10-opt/OCCT/dox/dev_guides/tests/images
Searching for files in directory D:/install/CR0-OCCT7_CR0-OCCT7/Windows-64-VC10-opt/OCCT/dox/dev_guides/building/3rdparty/images
Searching for files in directory D:/install/CR0-OCCT7_CR0-OCCT7/Windows-64-VC10-opt/OCCT/dox/dev_guides/building/3rdparty/images
Searching for files in directory D:/install/CR0-OCCT7_CR0-OCCT7/Windows-64-VC10-opt/OCCT/dox/dev_guides/building/3rdparty/images
Searching for files in directory D:/install/CR0-OCCT7_CR0-OCCT7/Windows-64-VC10-opt/OCCT/dox/dev_guides/building/cmake/images
Searching for files in directory D:/install/CR0-OCCT7_CR0-OCCT7/Windows-64-VC10-opt/OCCT/dox/dev_guides/building/android/images
Searching for dot files...
Searching for msc files...
Searching for dia files...
Searching for files to exclude
Searching INPUT for files to process...
Reading and parsing tag files
Reading tag file `D:/install/CR0-OCCT7_CR0-OCCT7/Windows-64-VC10-opt/OCCT/doc/refman/OCCT.tag', location `../../refman/html'...
Parsing files
Reading D:/install/CR0-OCCT7_CR0-OCCT7/Windows-64-VC10-opt/OCCT/dox/overview/overview.md...
Reading D:/install/CR0-OCCT7_CR0-OCCT7/Windows-64-VC10-opt/OCCT/samples/mfc/standard/ReadMe.md...
Reading D:/install/CR0-OCCT7_CR0-OCCT7/Windows-64-VC10-opt/OCCT/samples/CSharp/ReadMe.md...
Reading D:/install/CR0-OCCT7_CR0-OCCT7/Windows-64-VC10-opt/OCCT/samples/CSharp/ReadMe_D3D.md...
Reading D:/install/CR0-OCCT7_CR0-OCCT7/Windows-64-VC10-opt/OCCT/samples/qt/AndroidQt/ReadMe.md...
Reading D:/install/CR0-OCCT7_CR0-OCCT7/Windows-64-VC10-opt/OCCT/samples/java/jniviewer/ReadMe.md...
Reading D:/install/CR0-OCCT7_CR0-OCCT7/Windows-64-VC10-opt/OCCT/dox/tutorial/tutorial.md...
Reading D:/install/CR0-OCCT7_CR0-OCCT7/Windows-64-VC10-opt/OCCT/dox/technical_overview/technical_overview.md...
Reading D:/install/CR0-OCCT7_CR0-OCCT7/Windows-64-VC10-opt/OCCT/dox/user_guides/user_guides.md...
Reading D:/install/CR0-OCCT7_CR0-OCCT7/Windows-64-VC10-opt/OCCT/dox/user_guides/foundation_classes/foundation_classes.md...
Reading D:/install/CR0-OCCT7_CR0-OCCT7/Windows-64-VC10-opt/OCCT/dox/user_guides/modeling_data/modeling_data.md...
Reading D:/install/CR0-OCCT7_CR0-OCCT7/Windows-64-VC10-opt/OCCT/dox/user_guides/modeling_algos/modeling_algos.md...
Reading D:/install/CR0-OCCT7_CR0-OCCT7/Windows-64-VC10-opt/OCCT/dox/user_guides/boolean_operations/boolean_operations.md...
Reading D:/install/CR0-OCCT7_CR0-OCCT7/Windows-64-VC10-opt/OCCT/dox/user_guides/shape_healing/shape_healing.md...
Reading D:/install/CR0-OCCT7_CR0-OCCT7/Windows-64-VC10-opt/OCCT/dox/user_guides/visualization/visualization.md...
Reading D:/install/CR0-OCCT7_CR0-OCCT7/Windows-64-VC10-opt/OCCT/dox/user_guides/iges/iges.md...
Reading D:/install/CR0-OCCT7_CR0-OCCT7/Windows-64-VC10-opt/OCCT/dox/user_guides/step/step.md...
Reading D:/install/CR0-OCCT7_CR0-OCCT7/Windows-64-VC10-opt/OCCT/dox/user_guides/xde/xde.md...
Reading D:/install/CR0-OCCT7_CR0-OCCT7/Windows-64-VC10-opt/OCCT/dox/user_guides/ocaf/ocaf.md...
Reading D:/install/CR0-OCCT7_CR0-OCCT7/Windows-64-VC10-opt/OCCT/dox/user_guides/tobj/tobj.md...
Reading D:/install/CR0-OCCT7_CR0-OCCT7/Windows-64-VC10-opt/OCCT/dox/user_guides/draw_test_harness/draw_test_harness.md...
Reading D:/install/CR0-OCCT7_CR0-OCCT7/Windows-64-VC10-opt/OCCT/dox/user_guides/brep_wp/brep_wp.md...
Reading D:/install/CR0-OCCT7_CR0-OCCT7/Windows-64-VC10-opt/OCCT/dox/user_guides/vis/vis.md...
Reading D:/install/CR0-OCCT7_CR0-OCCT7/Windows-64-VC10-opt/OCCT/dox/dev_guides/dev_guides.md...
Reading D:/install/CR0-OCCT7_CR0-OCCT7/Windows-64-VC10-opt/OCCT/dox/dev_guides/documentation/documentation.md...
Reading D:/install/CR0-OCCT7_CR0-OCCT7/Windows-64-VC10-opt/OCCT/dox/dev_guides/contribution/coding_rules.md...
Reading D:/install/CR0-OCCT7_CR0-OCCT7/Windows-64-VC10-opt/OCCT/dox/dev_guides/contribution_workflow/contribution_workflow.md...
Reading D:/install/CR0-OCCT7_CR0-OCCT7/Windows-64-VC10-opt/OCCT/dox/dev_guides/git_guide/git_guide.md...
Reading D:/install/CR0-OCCT7_CR0-OCCT7/Windows-64-VC10-opt/OCCT/dox/dev_guides/tests/tests.md...
Reading D:/install/CR0-OCCT7_CR0-OCCT7/Windows-64-VC10-opt/OCCT/dox/dev_guides/debug/debug.md...
Reading D:/install/CR0-OCCT7_CR0-OCCT7/Windows-64-VC10-opt/OCCT/dox/dev_guides/upgrade/upgrade.md...
Reading D:/install/CR0-OCCT7_CR0-OCCT7/Windows-64-VC10-opt/OCCT/dox/dev_guides/building/building.md...
Reading D:/install/CR0-OCCT7_CR0-OCCT7/Windows-64-VC10-opt/OCCT/dox/dev_guides/building/3rdparty/3rdparty_windows.md...
Reading D:/install/CR0-OCCT7_CR0-OCCT7/Windows-64-VC10-opt/OCCT/dox/dev_guides/building/3rdparty/3rdparty_linux.md...
Reading D:/install/CR0-OCCT7_CR0-OCCT7/Windows-64-VC10-opt/OCCT/dox/dev_guides/building/3rdparty/3rdparty_osx.md...
Reading D:/install/CR0-OCCT7_CR0-OCCT7/Windows-64-VC10-opt/OCCT/dox/dev_guides/building/cmake/cmake.md...
Reading D:/install/CR0-OCCT7_CR0-OCCT7/Windows-64-VC10-opt/OCCT/dox/dev_guides/building/android/android.md...
Reading D:/install/CR0-OCCT7_CR0-OCCT7/Windows-64-VC10-opt/OCCT/dox/dev_guides/building/code_blocks.md...
Reading D:/install/CR0-OCCT7_CR0-OCCT7/Windows-64-VC10-opt/OCCT/dox/dev_guides/building/msvc.md...
Reading D:/install/CR0-OCCT7_CR0-OCCT7/Windows-64-VC10-opt/OCCT/dox/dev_guides/building/xcode.md...
Reading D:/install/CR0-OCCT7_CR0-OCCT7/Windows-64-VC10-opt/OCCT/dox/license.md...
Building group list...
Building directory list...
Building namespace list...
Building file list...
Building class list...
Associating documentation with classes...
Computing nesting relations for classes...
Building example list...
Searching for enumerations...
Searching for documented typedefs...
Searching for members imported via using declarations...
Searching for included using directives...
Searching for documented variables...
Building interface member list...
Building member list...
Searching for friends...
Searching for documented defines...
Computing class inheritance relations...
Computing class usage relations...
Flushing cached template relations that have become invalid...
Creating members for template instances...
Computing class relations...
Add enum values to enums...
Searching for member function documentation...
Building page list...
Search for main page...
Computing page relations...
Determining the scope of groups...
Sorting lists...
Freeing entry tree
Determining which enums are documented
Computing member relations...
Building full member lists recursively...
Adding members to member groups.
Computing member references...
Inheriting documentation...
Generating disk names...
Adding source references...
Adding xrefitems...
Sorting member lists...
Computing dependencies between directories...
Generating citations page...
Counting data structures...
Resolving user defined references...
Finding anchors and sections in the documentation...
Transferring function references...
Combining using relations...
Adding members to index pages...
Generating style sheet...
Generating example documentation...
Generating file sources...
Generating file documentation...
Generating page documentation...
Generating docs for page samples_mfc_standard...
Generating docs for page samples_csharp_occt...
Generating docs for page samples_csharp_direct3d...
Generating docs for page samples_qml_android_occt...
Generating docs for page samples_java_android_occt...
Generating docs for page occt__tutorial...
Generating docs for page technical_overview...
Generating docs for page user_guides...
Generating docs for page occt_user_guides__foundation_classes...
Generating docs for page occt_user_guides__modeling_data...
Generating docs for page occt_user_guides__modeling_algos...
Generating docs for page occt_user_guides__boolean_operations...
Generating docs for page occt_user_guides__shape_healing...
Generating docs for page occt_user_guides__visualization...
Generating docs for page occt_user_guides__iges...
Generating docs for page occt_user_guides__step...
Generating docs for page occt_user_guides__xde...
Generating docs for page occt_user_guides__ocaf...
Generating docs for page occt_user_guides__tobj...
Generating docs for page occt_user_guides__test_harness...
Generating docs for page occt_user_guides__brep_wp...
Generating docs for page occt_user_guides__vis...
Generating docs for page dev_guides...
Generating docs for page occt_dev_guides__documentation...
Generating docs for page occt_dev_guides__coding_rules...
Generating docs for page occt_dev_guides__contribution_workflow...
Generating docs for page occt_dev_guides__git_guide...
Generating docs for page occt_dev_guides__tests...
Generating docs for page occt_dev_guides__debug...
Generating docs for page occt_dev_guides__upgrade...
Generating docs for page occt_dev_guides__building...
Generating docs for page occt_dev_guides__building_3rdparty_windows...
Generating docs for page occt_dev_guides__building_3rdparty_linux...
Generating docs for page occt_dev_guides__building_3rdparty_osx...
Generating docs for page occt_dev_guides__building_cmake...
Generating docs for page occt_dev_guides__building_android...
Generating docs for page occt_dev_guides__building_code_blocks...
Generating docs for page occt_dev_guides__building_msvc...
Generating docs for page occt_dev_guides__building_xcode...
Generating docs for page occt_public_license...
Generating group documentation...
Generating class documentation...
Generating namespace index...
Generating graph info page...
Generating directory documentation...
Generating index page...
Generating page index...
Generating module index...
Generating namespace index...
Generating namespace member index...
Generating annotated compound index...
Generating alphabetical compound index...
Generating hierarchical class index...
Generating member index...
Generating file index...
Generating file member index...
Generating example index...
finalizing index lists...
writing tag file...
lookup cache used 10558/65536 hits=34554 misses=13362
finished...
